{"/Users/Dagic/pokemon/src/modules/api/fetch.js": {"path":"/Users/Dagic/pokemon/src/modules/api/fetch.js","statementMap":{"0":{"start":{"line":1,"column":12},"end":{"line":1,"column":34}},"1":{"start":{"line":2,"column":15},"end":{"line":2,"column":95}},"2":{"start":{"line":4,"column":23},"end":{"line":8,"column":1}},"3":{"start":{"line":5,"column":14},"end":{"line":5,"column":88}},"4":{"start":{"line":6,"column":15},"end":{"line":6,"column":31}},"5":{"start":{"line":7,"column":2},"end":{"line":7,"column":14}},"6":{"start":{"line":10,"column":19},"end":{"line":14,"column":1}},"7":{"start":{"line":11,"column":14},"end":{"line":11,"column":68}},"8":{"start":{"line":12,"column":15},"end":{"line":12,"column":31}},"9":{"start":{"line":13,"column":2},"end":{"line":13,"column":14}},"10":{"start":{"line":16,"column":28},"end":{"line":20,"column":1}},"11":{"start":{"line":17,"column":14},"end":{"line":17,"column":81}},"12":{"start":{"line":18,"column":15},"end":{"line":18,"column":31}},"13":{"start":{"line":19,"column":2},"end":{"line":19,"column":14}},"14":{"start":{"line":22,"column":25},"end":{"line":26,"column":1}},"15":{"start":{"line":23,"column":14},"end":{"line":23,"column":62}},"16":{"start":{"line":24,"column":15},"end":{"line":24,"column":31}},"17":{"start":{"line":25,"column":2},"end":{"line":25,"column":20}},"18":{"start":{"line":28,"column":17},"end":{"line":32,"column":1}},"19":{"start":{"line":29,"column":14},"end":{"line":29,"column":45}},"20":{"start":{"line":30,"column":15},"end":{"line":30,"column":31}},"21":{"start":{"line":31,"column":2},"end":{"line":31,"column":14}},"22":{"start":{"line":33,"column":18},"end":{"line":39,"column":1}},"23":{"start":{"line":34,"column":2},"end":{"line":38,"column":5}},"24":{"start":{"line":43,"column":23},"end":{"line":47,"column":1}},"25":{"start":{"line":44,"column":2},"end":{"line":46,"column":3}},"26":{"start":{"line":45,"column":4},"end":{"line":45,"column":79}},"27":{"start":{"line":49,"column":20},"end":{"line":58,"column":1}},"28":{"start":{"line":50,"column":2},"end":{"line":57,"column":3}},"29":{"start":{"line":51,"column":16},"end":{"line":51,"column":63}},"30":{"start":{"line":52,"column":17},"end":{"line":52,"column":33}},"31":{"start":{"line":53,"column":4},"end":{"line":53,"column":25}},"32":{"start":{"line":54,"column":4},"end":{"line":54,"column":16}},"33":{"start":{"line":56,"column":4},"end":{"line":56,"column":33}},"34":{"start":{"line":60,"column":21},"end":{"line":70,"column":1}},"35":{"start":{"line":61,"column":2},"end":{"line":69,"column":5}}},"fnMap":{"0":{"name":"(anonymous_0)","decl":{"start":{"line":4,"column":23},"end":{"line":4,"column":24}},"loc":{"start":{"line":4,"column":45},"end":{"line":8,"column":1}},"line":4},"1":{"name":"(anonymous_1)","decl":{"start":{"line":10,"column":19},"end":{"line":10,"column":20}},"loc":{"start":{"line":10,"column":33},"end":{"line":14,"column":1}},"line":10},"2":{"name":"(anonymous_2)","decl":{"start":{"line":16,"column":28},"end":{"line":16,"column":29}},"loc":{"start":{"line":16,"column":47},"end":{"line":20,"column":1}},"line":16},"3":{"name":"(anonymous_3)","decl":{"start":{"line":22,"column":25},"end":{"line":22,"column":26}},"loc":{"start":{"line":22,"column":37},"end":{"line":26,"column":1}},"line":22},"4":{"name":"(anonymous_4)","decl":{"start":{"line":28,"column":17},"end":{"line":28,"column":18}},"loc":{"start":{"line":28,"column":29},"end":{"line":32,"column":1}},"line":28},"5":{"name":"(anonymous_5)","decl":{"start":{"line":33,"column":18},"end":{"line":33,"column":19}},"loc":{"start":{"line":33,"column":34},"end":{"line":39,"column":1}},"line":33},"6":{"name":"(anonymous_6)","decl":{"start":{"line":43,"column":23},"end":{"line":43,"column":24}},"loc":{"start":{"line":43,"column":33},"end":{"line":47,"column":1}},"line":43},"7":{"name":"(anonymous_7)","decl":{"start":{"line":49,"column":20},"end":{"line":49,"column":21}},"loc":{"start":{"line":49,"column":34},"end":{"line":58,"column":1}},"line":49},"8":{"name":"(anonymous_8)","decl":{"start":{"line":60,"column":21},"end":{"line":60,"column":22}},"loc":{"start":{"line":60,"column":50},"end":{"line":70,"column":1}},"line":60}},"branchMap":{"0":{"loc":{"start":{"line":4,"column":30},"end":{"line":4,"column":40}},"type":"default-arg","locations":[{"start":{"line":4,"column":39},"end":{"line":4,"column":40}}],"line":4},"1":{"loc":{"start":{"line":44,"column":2},"end":{"line":46,"column":3}},"type":"if","locations":[{"start":{"line":44,"column":2},"end":{"line":46,"column":3}},{"start":{},"end":{}}],"line":44}},"s":{"0":2,"1":2,"2":2,"3":0,"4":0,"5":0,"6":2,"7":0,"8":0,"9":0,"10":2,"11":0,"12":0,"13":0,"14":2,"15":1,"16":1,"17":1,"18":2,"19":0,"20":0,"21":0,"22":2,"23":0,"24":2,"25":2,"26":1,"27":2,"28":0,"29":0,"30":0,"31":0,"32":0,"33":0,"34":2,"35":0},"f":{"0":0,"1":0,"2":0,"3":1,"4":0,"5":0,"6":2,"7":0,"8":0},"b":{"0":[0],"1":[1,1]},"_coverageSchema":"1a1c01bbd47fc00a2c39e90264f33305004495a9","hash":"b23772f669aa7fad1e81fbc96b857f49620c0d5f"}
}
