{"/Users/Dagic/pokemon/src/modules/api/fetch.js": {"path":"/Users/Dagic/pokemon/src/modules/api/fetch.js","statementMap":{"0":{"start":{"line":1,"column":12},"end":{"line":1,"column":34}},"1":{"start":{"line":2,"column":15},"end":{"line":2,"column":95}},"2":{"start":{"line":4,"column":23},"end":{"line":8,"column":1}},"3":{"start":{"line":5,"column":14},"end":{"line":5,"column":88}},"4":{"start":{"line":6,"column":15},"end":{"line":6,"column":31}},"5":{"start":{"line":7,"column":2},"end":{"line":7,"column":14}},"6":{"start":{"line":10,"column":19},"end":{"line":14,"column":1}},"7":{"start":{"line":11,"column":14},"end":{"line":11,"column":68}},"8":{"start":{"line":12,"column":15},"end":{"line":12,"column":31}},"9":{"start":{"line":13,"column":2},"end":{"line":13,"column":14}},"10":{"start":{"line":16,"column":28},"end":{"line":20,"column":1}},"11":{"start":{"line":17,"column":14},"end":{"line":17,"column":81}},"12":{"start":{"line":18,"column":15},"end":{"line":18,"column":31}},"13":{"start":{"line":19,"column":2},"end":{"line":19,"column":14}},"14":{"start":{"line":22,"column":17},"end":{"line":26,"column":1}},"15":{"start":{"line":23,"column":14},"end":{"line":23,"column":45}},"16":{"start":{"line":24,"column":15},"end":{"line":24,"column":31}},"17":{"start":{"line":25,"column":2},"end":{"line":25,"column":14}},"18":{"start":{"line":27,"column":18},"end":{"line":33,"column":1}},"19":{"start":{"line":28,"column":14},"end":{"line":32,"column":4}},"20":{"start":{"line":35,"column":20},"end":{"line":44,"column":1}},"21":{"start":{"line":36,"column":2},"end":{"line":43,"column":3}},"22":{"start":{"line":37,"column":16},"end":{"line":37,"column":63}},"23":{"start":{"line":38,"column":17},"end":{"line":38,"column":33}},"24":{"start":{"line":39,"column":4},"end":{"line":39,"column":16}},"25":{"start":{"line":41,"column":4},"end":{"line":41,"column":39}},"26":{"start":{"line":42,"column":4},"end":{"line":42,"column":14}},"27":{"start":{"line":46,"column":21},"end":{"line":56,"column":1}},"28":{"start":{"line":47,"column":2},"end":{"line":55,"column":5}}},"fnMap":{"0":{"name":"(anonymous_0)","decl":{"start":{"line":4,"column":23},"end":{"line":4,"column":24}},"loc":{"start":{"line":4,"column":45},"end":{"line":8,"column":1}},"line":4},"1":{"name":"(anonymous_1)","decl":{"start":{"line":10,"column":19},"end":{"line":10,"column":20}},"loc":{"start":{"line":10,"column":33},"end":{"line":14,"column":1}},"line":10},"2":{"name":"(anonymous_2)","decl":{"start":{"line":16,"column":28},"end":{"line":16,"column":29}},"loc":{"start":{"line":16,"column":47},"end":{"line":20,"column":1}},"line":16},"3":{"name":"(anonymous_3)","decl":{"start":{"line":22,"column":17},"end":{"line":22,"column":18}},"loc":{"start":{"line":22,"column":29},"end":{"line":26,"column":1}},"line":22},"4":{"name":"(anonymous_4)","decl":{"start":{"line":27,"column":18},"end":{"line":27,"column":19}},"loc":{"start":{"line":27,"column":34},"end":{"line":33,"column":1}},"line":27},"5":{"name":"(anonymous_5)","decl":{"start":{"line":35,"column":20},"end":{"line":35,"column":21}},"loc":{"start":{"line":35,"column":34},"end":{"line":44,"column":1}},"line":35},"6":{"name":"(anonymous_6)","decl":{"start":{"line":46,"column":21},"end":{"line":46,"column":22}},"loc":{"start":{"line":46,"column":50},"end":{"line":56,"column":1}},"line":46}},"branchMap":{"0":{"loc":{"start":{"line":4,"column":30},"end":{"line":4,"column":40}},"type":"default-arg","locations":[{"start":{"line":4,"column":39},"end":{"line":4,"column":40}}],"line":4}},"s":{"0":1,"1":1,"2":1,"3":0,"4":0,"5":0,"6":1,"7":0,"8":0,"9":0,"10":1,"11":0,"12":0,"13":0,"14":1,"15":0,"16":0,"17":0,"18":1,"19":0,"20":1,"21":1,"22":1,"23":0,"24":0,"25":1,"26":1,"27":1,"28":0},"f":{"0":0,"1":0,"2":0,"3":0,"4":0,"5":1,"6":0},"b":{"0":[0]},"_coverageSchema":"1a1c01bbd47fc00a2c39e90264f33305004495a9","hash":"ae116e4f386a8d5f4b928b6093f4094aaa61c5a6"}
}
