TN:
SF:src/modules/api/fetch.js
FN:4,(anonymous_0)
FN:10,(anonymous_1)
FN:16,(anonymous_2)
FN:22,(anonymous_3)
FN:28,(anonymous_4)
FN:33,(anonymous_5)
FN:41,(anonymous_6)
FN:47,(anonymous_7)
FN:58,(anonymous_8)
FNF:9
FNH:2
FNDA:0,(anonymous_0)
FNDA:0,(anonymous_1)
FNDA:0,(anonymous_2)
FNDA:1,(anonymous_3)
FNDA:0,(anonymous_4)
FNDA:0,(anonymous_5)
FNDA:2,(anonymous_6)
FNDA:0,(anonymous_7)
FNDA:0,(anonymous_8)
DA:1,2
DA:2,2
DA:4,2
DA:5,0
DA:6,0
DA:7,0
DA:10,2
DA:11,0
DA:12,0
DA:13,0
DA:16,2
DA:17,0
DA:18,0
DA:19,0
DA:22,2
DA:23,1
DA:24,1
DA:25,1
DA:28,2
DA:29,0
DA:30,0
DA:31,0
DA:33,2
DA:34,0
DA:41,2
DA:42,2
DA:43,1
DA:47,2
DA:48,0
DA:49,0
DA:50,0
DA:51,0
DA:52,0
DA:54,0
DA:58,2
DA:59,0
LF:36
LH:16
BRDA:4,0,0,0
BRDA:42,1,0,1
BRDA:42,1,1,1
BRF:3
BRH:2
end_of_record
