TN:
SF:src/modules/api/fetch.js
FN:4,(anonymous_0)
FN:10,(anonymous_1)
FN:16,(anonymous_2)
FN:22,(anonymous_3)
FN:27,(anonymous_4)
FN:35,(anonymous_5)
FN:46,(anonymous_6)
FNF:7
FNH:1
FNDA:0,(anonymous_0)
FNDA:0,(anonymous_1)
FNDA:0,(anonymous_2)
FNDA:0,(anonymous_3)
FNDA:0,(anonymous_4)
FNDA:1,(anonymous_5)
FNDA:0,(anonymous_6)
DA:1,1
DA:2,1
DA:4,1
DA:5,0
DA:6,0
DA:7,0
DA:10,1
DA:11,0
DA:12,0
DA:13,0
DA:16,1
DA:17,0
DA:18,0
DA:19,0
DA:22,1
DA:23,0
DA:24,0
DA:25,0
DA:27,1
DA:28,0
DA:35,1
DA:36,1
DA:37,1
DA:38,0
DA:39,0
DA:41,1
DA:42,1
DA:46,1
DA:47,0
LF:29
LH:13
BRDA:4,0,0,0
BRF:1
BRH:0
end_of_record
